l0:
mov(1, NULL, &ts[0]);
mov(2.0, NULL, &ts[1]);
comp_eq(ts[1], 2.0, &temp[0]);
jump_f(temp[0], NULL, l1);
param(123, NULL, NULL);
call("imprima", 1, NULL);
l1:
l2:
mov(3.0, NULL, &ts[2]);
uminus(3, NULL, &temp[1]);
divi(2, temp[1], &temp[2]);
add(temp[2], 4.0, &temp[3]);
mult(1, temp[3], &temp[4]);
add(1.0, temp[4], &temp[5]);
mult(ts[0], ts[1], &temp[6]);
sub(temp[5], temp[6], &temp[7]);
add(temp[7], ts[2], &temp[8]);
mov(temp[8], NULL, &ts[3]);
comp_eq(ts[0], 1, &temp[9]);
comp_ne(ts[1], 2.0, &temp[10]);
rela_or(temp[0], temp[10], temp[11]);
jump_f(temp[11], NULL, l2);
comp_le(ts[3], 0, &temp[12]);
jump_f(temp[12], NULL, l3);
param(111.1, NULL, NULL);
call("imprima", 1, NULL);
l3:
jump(l5, NULL, NULL);
param(ts[2], NULL, NULL);
param(ts[2], NULL, NULL);
call("imprima", 1, NULL);
comp_gt(ts[0], 2, &temp[13]);
comp_lt(ts[1], 3.0, &temp[14]);
rela_an(temp[12], temp[14], temp[15]);
rela_no(temp[15], NULL, temp[16]);
jump_f(temp[16], NULL, l4);
param(222.2, NULL, NULL);
call("imprima", 1, NULL);
l4:
l2:
l5:
